[debug] [2021-03-23T08:40:00.550Z] ----------------------------------------------------------------------
[debug] [2021-03-23T08:40:00.560Z] Command:       C:\Program Files\nodejs\node.exe C:\Users\munish.gowtham\AppData\Roaming\npm\node_modules\firebase-tools\lib\bin\firebase.js init
[debug] [2021-03-23T08:40:00.563Z] CLI Version:   9.6.1
[debug] [2021-03-23T08:40:00.564Z] Platform:      win32
[debug] [2021-03-23T08:40:00.565Z] Node Version:  v12.21.0
[debug] [2021-03-23T08:40:00.571Z] Time:          Tue Mar 23 2021 14:10:00 GMT+0530 (India Standard Time)
[debug] [2021-03-23T08:40:00.572Z] ----------------------------------------------------------------------
[debug] [2021-03-23T08:40:00.573Z] 
[debug] [2021-03-23T08:40:00.629Z] > command requires scopes: ["email","openid","https://www.googleapis.com/auth/cloudplatformprojects.readonly","https://www.googleapis.com/auth/firebase","https://www.googleapis.com/auth/cloud-platform"]
[debug] [2021-03-23T08:40:00.634Z] > authorizing via signed-in user
[info] 
     ######## #### ########  ######## ########     ###     ######  ########
     ##        ##  ##     ## ##       ##     ##  ##   ##  ##       ##
     ######    ##  ########  ######   ########  #########  ######  ######
     ##        ##  ##    ##  ##       ##     ## ##     ##       ## ##
     ##       #### ##     ## ######## ########  ##     ##  ######  ########

You're about to initialize a Firebase project in this directory:

  C:\Users\munish.gowtham\treflo\pizza-app

[info] 
=== Project Setup
[info] 
[info] First, let's associate this project directory with a Firebase project.
[info] You can create multiple project aliases by running firebase use --add, 
[info] but for now we'll just set up a default project.
[info] 
[debug] [2021-03-23T08:40:14.645Z] >>> [apiv2][query] GET https://firebase.googleapis.com/v1beta1/projects pageSize=100
[debug] [2021-03-23T08:40:16.089Z] <<< [apiv2][status] GET https://firebase.googleapis.com/v1beta1/projects 200
[debug] [2021-03-23T08:40:16.090Z] <<< [apiv2][body] GET https://firebase.googleapis.com/v1beta1/projects [omitted]
[info] i  Using project pizza-app-744d9 (pizza-app) 
[info] 
=== Hosting Setup
[info] 
[info] Your public directory is the folder (relative to your project directory) that
[info] will contain Hosting assets to be uploaded with firebase deploy. If you
[info] have a build process for your assets, use your build's output directory.
[info] 
[debug] [2021-03-23T08:40:36.178Z] >>> [apiv2][query] GET https://www.gstatic.com/firebasejs/releases.json [none]
[debug] [2021-03-23T08:40:37.571Z] <<< [apiv2][status] GET https://www.gstatic.com/firebasejs/releases.json 200
[debug] [2021-03-23T08:40:37.572Z] <<< [apiv2][body] GET https://www.gstatic.com/firebasejs/releases.json {"current":{"version":"8.3.1","browserURL":"https://www.gstatic.com/firebasejs/8.3.1/firebase.js","packageURL":"https://www.gstatic.com/firebasejs/8.3.1/firebase.tgz"},"live":{"version":"8.3","browserURL":"https://www.gstatic.com/firebasejs/live/8.3/firebase.js","packageURL":"https://www.gstatic.com/firebasejs/live/8.3/firebase.tgz"},"components":{"analytics":"https://www.gstatic.com/firebasejs/8.3.1/firebase-analytics.js","app":"https://www.gstatic.com/firebasejs/8.3.1/firebase-app.js","auth":"https://www.gstatic.com/firebasejs/8.3.1/firebase-auth.js","database":"https://www.gstatic.com/firebasejs/8.3.1/firebase-database.js","firestore":"https://www.gstatic.com/firebasejs/8.3.1/firebase-firestore.js","functions":"https://www.gstatic.com/firebasejs/8.3.1/firebase-functions.js","installations":"https://www.gstatic.com/firebasejs/8.3.1/firebase-installations.js","messaging":"https://www.gstatic.com/firebasejs/8.3.1/firebase-messaging.js","storage":"https://www.gstatic.com/firebasejs/8.3.1/firebase-storage.js","performance":"https://www.gstatic.com/firebasejs/8.3.1/firebase-performance.js","remote-config":"https://www.gstatic.com/firebasejs/8.3.1/firebase-remote-config.js","firestore.memory":"https://www.gstatic.com/firebasejs/8.3.1/firebase-firestore.memory.js"}}
[info] +  Wrote y/index.html 
[info] 
[info] i  Detected a .git folder at C:\Users\munish.gowtham\treflo\pizza-app 
[info] i  Authorizing with GitHub to upload your service account to a GitHub repository's secrets store. 
[info] 
[info] Visit this URL on this device to log in:
[info] https://github.com/login/oauth/authorize?client_id=89cf50f02ac6aaed3484&state=432266365&redirect_uri=http%3A%2F%2Flocalhost%3A9005&scope=read%3Auser%20repo%20public_repo
[info] 
[info] Waiting for authentication...
[debug] [2021-03-23T08:40:53.025Z] >>> HTTP REQUEST POST https://github.com/login/oauth/access_token  
 {"client_id":"89cf50f02ac6aaed3484","client_secret":"3330d14abc895d9a74d5f17cd7a00711fa2c5bf0","code":"bcd09e1e626ca8575428","redirect_uri":"http://localhost:9005","state":"432266365"}
[debug] [2021-03-23T08:40:54.774Z] <<< HTTP RESPONSE 200 {"server":"GitHub.com","date":"Tue, 23 Mar 2021 08:40:55 GMT","content-type":"application/json; charset=utf-8","transfer-encoding":"chunked","vary":"X-PJAX, Accept-Encoding, Accept, X-Requested-With","etag":"W/\"d3d4bc8fce3a9eaa0382f03e89a11d6d\"","cache-control":"max-age=0, private, must-revalidate","strict-transport-security":"max-age=31536000; includeSubdomains; preload","x-frame-options":"deny","x-content-type-options":"nosniff","x-xss-protection":"0","referrer-policy":"origin-when-cross-origin, strict-origin-when-cross-origin","expect-ct":"max-age=2592000, report-uri=\"https://api.github.com/_private/browser/errors\"","content-security-policy":"default-src 'none'; base-uri 'self'; block-all-mixed-content; connect-src 'self' uploads.github.com www.githubstatus.com collector.githubapp.com api.github.com github-cloud.s3.amazonaws.com github-production-repository-file-5c1aeb.s3.amazonaws.com github-production-upload-manifest-file-7fdce7.s3.amazonaws.com github-production-user-asset-6210df.s3.amazonaws.com cdn.optimizely.com logx.optimizely.com/v1/events wss://alive.github.com; font-src github.githubassets.com; form-action 'self' github.com gist.github.com; frame-ancestors 'none'; frame-src render.githubusercontent.com; img-src 'self' data: github.githubassets.com identicons.github.com collector.githubapp.com github-cloud.s3.amazonaws.com secured-user-images.githubusercontent.com/ *.githubusercontent.com; manifest-src 'self'; media-src 'none'; script-src github.githubassets.com; style-src 'unsafe-inline' github.githubassets.com; worker-src github.com/socket-worker-6832eced.js gist.github.com/socket-worker-6832eced.js","x-github-request-id":"C167:6948:5815675:7A470C8:6059A996"}
[debug] [2021-03-23T08:40:54.789Z] >>> [apiv2][query] GET https://api.github.com/user [none]
[debug] [2021-03-23T08:40:57.276Z] <<< [apiv2][status] GET https://api.github.com/user 200
[debug] [2021-03-23T08:40:57.276Z] <<< [apiv2][body] GET https://api.github.com/user {"login":"MunishGowtham","id":13968239,"node_id":"MDQ6VXNlcjEzOTY4MjM5","avatar_url":"https://avatars.githubusercontent.com/u/13968239?v=4","gravatar_id":"","url":"https://api.github.com/users/MunishGowtham","html_url":"https://github.com/MunishGowtham","followers_url":"https://api.github.com/users/MunishGowtham/followers","following_url":"https://api.github.com/users/MunishGowtham/following{/other_user}","gists_url":"https://api.github.com/users/MunishGowtham/gists{/gist_id}","starred_url":"https://api.github.com/users/MunishGowtham/starred{/owner}{/repo}","subscriptions_url":"https://api.github.com/users/MunishGowtham/subscriptions","organizations_url":"https://api.github.com/users/MunishGowtham/orgs","repos_url":"https://api.github.com/users/MunishGowtham/repos","events_url":"https://api.github.com/users/MunishGowtham/events{/privacy}","received_events_url":"https://api.github.com/users/MunishGowtham/received_events","type":"User","site_admin":false,"name":"Munish Gowtham Baskaran","company":null,"blog":"","location":"Bangalore, India","email":"munisbaskii@gmail.com","hireable":null,"bio":null,"twitter_username":null,"public_repos":3,"public_gists":0,"followers":0,"following":0,"created_at":"2015-08-25T18:08:54Z","updated_at":"2021-03-23T08:40:47Z","private_gists":0,"total_private_repos":0,"owned_private_repos":0,"disk_usage":326,"collaborators":0,"two_factor_authentication":false,"plan":{"name":"free","space":976562499,"collaborators":0,"private_repos":10000}}
[info] 
[info] +  Success! Logged into GitHub as MunishGowtham 
[info] 
